Started GET "/" for 127.0.0.1 at 2018-09-29 18:08:36 +0800
  
ActiveRecord::NoDatabaseError (FATAL:  database "portfoliopg_development" does not exist
):
  
activerecord (5.2.1) lib/active_record/connection_adapters/postgresql_adapter.rb:688:in `rescue in connect'
activerecord (5.2.1) lib/active_record/connection_adapters/postgresql_adapter.rb:683:in `connect'
activerecord (5.2.1) lib/active_record/connection_adapters/postgresql_adapter.rb:215:in `initialize'
activerecord (5.2.1) lib/active_record/connection_adapters/postgresql_adapter.rb:40:in `new'
activerecord (5.2.1) lib/active_record/connection_adapters/postgresql_adapter.rb:40:in `postgresql_connection'
activerecord (5.2.1) lib/active_record/connection_adapters/abstract/connection_pool.rb:809:in `new_connection'
activerecord (5.2.1) lib/active_record/connection_adapters/abstract/connection_pool.rb:853:in `checkout_new_connection'
activerecord (5.2.1) lib/active_record/connection_adapters/abstract/connection_pool.rb:832:in `try_to_checkout_new_connection'
activerecord (5.2.1) lib/active_record/connection_adapters/abstract/connection_pool.rb:793:in `acquire_connection'
activerecord (5.2.1) lib/active_record/connection_adapters/abstract/connection_pool.rb:521:in `checkout'
activerecord (5.2.1) lib/active_record/connection_adapters/abstract/connection_pool.rb:380:in `connection'
activerecord (5.2.1) lib/active_record/connection_adapters/abstract/connection_pool.rb:1008:in `retrieve_connection'
activerecord (5.2.1) lib/active_record/connection_handling.rb:118:in `retrieve_connection'
activerecord (5.2.1) lib/active_record/connection_handling.rb:90:in `connection'
activerecord (5.2.1) lib/active_record/migration.rb:554:in `call'
actionpack (5.2.1) lib/action_dispatch/middleware/callbacks.rb:28:in `block in call'
activesupport (5.2.1) lib/active_support/callbacks.rb:98:in `run_callbacks'
actionpack (5.2.1) lib/action_dispatch/middleware/callbacks.rb:26:in `call'
actionpack (5.2.1) lib/action_dispatch/middleware/executor.rb:14:in `call'
actionpack (5.2.1) lib/action_dispatch/middleware/debug_exceptions.rb:61:in `call'
web-console (3.7.0) lib/web_console/middleware.rb:135:in `call_app'
web-console (3.7.0) lib/web_console/middleware.rb:30:in `block in call'
web-console (3.7.0) lib/web_console/middleware.rb:20:in `catch'
web-console (3.7.0) lib/web_console/middleware.rb:20:in `call'
actionpack (5.2.1) lib/action_dispatch/middleware/show_exceptions.rb:33:in `call'
railties (5.2.1) lib/rails/rack/logger.rb:38:in `call_app'
railties (5.2.1) lib/rails/rack/logger.rb:26:in `block in call'
activesupport (5.2.1) lib/active_support/tagged_logging.rb:71:in `block in tagged'
activesupport (5.2.1) lib/active_support/tagged_logging.rb:28:in `tagged'
activesupport (5.2.1) lib/active_support/tagged_logging.rb:71:in `tagged'
railties (5.2.1) lib/rails/rack/logger.rb:26:in `call'
sprockets-rails (3.2.1) lib/sprockets/rails/quiet_assets.rb:13:in `call'
actionpack (5.2.1) lib/action_dispatch/middleware/remote_ip.rb:81:in `call'
actionpack (5.2.1) lib/action_dispatch/middleware/request_id.rb:27:in `call'
rack (2.0.5) lib/rack/method_override.rb:22:in `call'
rack (2.0.5) lib/rack/runtime.rb:22:in `call'
activesupport (5.2.1) lib/active_support/cache/strategy/local_cache_middleware.rb:29:in `call'
actionpack (5.2.1) lib/action_dispatch/middleware/executor.rb:14:in `call'
actionpack (5.2.1) lib/action_dispatch/middleware/static.rb:127:in `call'
rack (2.0.5) lib/rack/sendfile.rb:111:in `call'
railties (5.2.1) lib/rails/engine.rb:524:in `call'
puma (3.12.0) lib/puma/configuration.rb:225:in `call'
puma (3.12.0) lib/puma/server.rb:658:in `handle_request'
puma (3.12.0) lib/puma/server.rb:472:in `process_client'
puma (3.12.0) lib/puma/server.rb:332:in `block in run'
puma (3.12.0) lib/puma/thread_pool.rb:133:in `block in spawn_thread'
  [1m[35m (592.7ms)[0m  [1m[35mCREATE DATABASE "portfoliopg_development" ENCODING = 'unicode'[0m
  ↳ bin/rails:9
  [1m[35m (821.5ms)[0m  [1m[35mCREATE DATABASE "portfoliopg_test" ENCODING = 'unicode'[0m
  ↳ bin/rails:9
  [1m[35m (112.4ms)[0m  [1m[35mCREATE TABLE "schema_migrations" ("version" character varying NOT NULL PRIMARY KEY)[0m
  ↳ bin/rails:9
  [1m[35m (150.7ms)[0m  [1m[35mCREATE TABLE "ar_internal_metadata" ("key" character varying NOT NULL PRIMARY KEY, "value" character varying, "created_at" timestamp NOT NULL, "updated_at" timestamp NOT NULL)[0m
  ↳ bin/rails:9
  [1m[35m (0.2ms)[0m  [1m[34mSELECT pg_try_advisory_lock(1389381326734630530)[0m
  ↳ bin/rails:9
  [1m[35m (0.5ms)[0m  [1m[34mSELECT "schema_migrations"."version" FROM "schema_migrations" ORDER BY "schema_migrations"."version" ASC[0m
  ↳ bin/rails:9
  [1m[36mActiveRecord::InternalMetadata Load (0.4ms)[0m  [1m[34mSELECT  "ar_internal_metadata".* FROM "ar_internal_metadata" WHERE "ar_internal_metadata"."key" = $1 LIMIT $2[0m  [["key", "environment"], ["LIMIT", 1]]
  ↳ bin/rails:9
  [1m[35m (0.2ms)[0m  [1m[35mBEGIN[0m
  ↳ bin/rails:9
  [1m[36mActiveRecord::InternalMetadata Create (0.6ms)[0m  [1m[32mINSERT INTO "ar_internal_metadata" ("key", "value", "created_at", "updated_at") VALUES ($1, $2, $3, $4) RETURNING "key"[0m  [["key", "environment"], ["value", "development"], ["created_at", "2018-09-29 10:08:58.161259"], ["updated_at", "2018-09-29 10:08:58.161259"]]
  ↳ bin/rails:9
  [1m[35m (6.7ms)[0m  [1m[35mCOMMIT[0m
  ↳ bin/rails:9
  [1m[35m (0.3ms)[0m  [1m[34mSELECT pg_advisory_unlock(1389381326734630530)[0m
  ↳ bin/rails:9
  [1m[35m (0.3ms)[0m  [1m[34mSELECT "schema_migrations"."version" FROM "schema_migrations" ORDER BY "schema_migrations"."version" ASC[0m
  ↳ bin/rails:9
Started GET "/" for 127.0.0.1 at 2018-09-29 18:09:08 +0800
Processing by WelcomeController#index as HTML
  Rendering welcome/index.html.erb within layouts/application
  Rendered welcome/index.html.erb within layouts/application (2134.3ms)
Completed 200 OK in 2212ms (Views: 2205.2ms | ActiveRecord: 0.0ms)


  [1m[35m (0.6ms)[0m  [1m[35mCREATE DATABASE "portfoliopg_development" ENCODING = 'unicode'[0m
  ↳ bin/rails:9
  [1m[35m (0.7ms)[0m  [1m[35mCREATE DATABASE "portfoliopg_test" ENCODING = 'unicode'[0m
  ↳ bin/rails:9
  [1m[35m (0.9ms)[0m  [1m[34mSELECT "schema_migrations"."version" FROM "schema_migrations" ORDER BY "schema_migrations"."version" ASC[0m
  ↳ bin/rails:9
  [1m[35m (0.3ms)[0m  [1m[34mSELECT "schema_migrations"."version" FROM "schema_migrations" ORDER BY "schema_migrations"."version" ASC[0m
  ↳ bin/rails:9
  [1m[35m (299.3ms)[0m  [1m[35mDROP DATABASE IF EXISTS "portfoliopg_development"[0m
  ↳ bin/rails:9
  [1m[35m (334.8ms)[0m  [1m[35mDROP DATABASE IF EXISTS "portfoliopg_test"[0m
  ↳ bin/rails:9
  [1m[35m (732.8ms)[0m  [1m[35mCREATE DATABASE "portfoliopg_development" ENCODING = 'unicode'[0m
  ↳ bin/rails:9
  [1m[35m (657.8ms)[0m  [1m[35mCREATE DATABASE "portfoliopg_test" ENCODING = 'unicode'[0m
  ↳ bin/rails:9
  [1m[35m (319.5ms)[0m  [1m[35mCREATE TABLE "schema_migrations" ("version" character varying NOT NULL PRIMARY KEY)[0m
  ↳ bin/rails:9
  [1m[35m (107.4ms)[0m  [1m[35mCREATE TABLE "ar_internal_metadata" ("key" character varying NOT NULL PRIMARY KEY, "value" character varying, "created_at" timestamp NOT NULL, "updated_at" timestamp NOT NULL)[0m
  ↳ bin/rails:9
  [1m[35m (0.5ms)[0m  [1m[34mSELECT pg_try_advisory_lock(1389381326734630530)[0m
  ↳ bin/rails:9
  [1m[35m (0.8ms)[0m  [1m[34mSELECT "schema_migrations"."version" FROM "schema_migrations" ORDER BY "schema_migrations"."version" ASC[0m
  ↳ bin/rails:9
  [1m[36mActiveRecord::InternalMetadata Load (0.6ms)[0m  [1m[34mSELECT  "ar_internal_metadata".* FROM "ar_internal_metadata" WHERE "ar_internal_metadata"."key" = $1 LIMIT $2[0m  [["key", "environment"], ["LIMIT", 1]]
  ↳ bin/rails:9
  [1m[35m (0.2ms)[0m  [1m[35mBEGIN[0m
  ↳ bin/rails:9
  [1m[36mActiveRecord::InternalMetadata Create (0.6ms)[0m  [1m[32mINSERT INTO "ar_internal_metadata" ("key", "value", "created_at", "updated_at") VALUES ($1, $2, $3, $4) RETURNING "key"[0m  [["key", "environment"], ["value", "development"], ["created_at", "2018-09-29 10:14:27.159759"], ["updated_at", "2018-09-29 10:14:27.159759"]]
  ↳ bin/rails:9
  [1m[35m (4.1ms)[0m  [1m[35mCOMMIT[0m
  ↳ bin/rails:9
  [1m[35m (0.3ms)[0m  [1m[34mSELECT pg_advisory_unlock(1389381326734630530)[0m
  ↳ bin/rails:9
  [1m[35m (0.2ms)[0m  [1m[34mSELECT "schema_migrations"."version" FROM "schema_migrations" ORDER BY "schema_migrations"."version" ASC[0m
  ↳ bin/rails:9
Started GET "/" for 127.0.0.1 at 2018-09-29 21:31:49 +0800
Processing by WelcomeController#index as HTML
  Rendering welcome/index.html.erb within layouts/application
  Rendered welcome/index.html.erb within layouts/application (363.7ms)
Completed 200 OK in 468ms (Views: 458.3ms | ActiveRecord: 0.0ms)


Started GET "/" for 127.0.0.1 at 2018-09-29 21:32:25 +0800
Processing by WelcomeController#index as HTML
  Rendering welcome/index.html.erb within layouts/application
  Rendered welcome/index.html.erb within layouts/application (4.4ms)
Completed 200 OK in 51ms (Views: 49.4ms | ActiveRecord: 0.0ms)


Started GET "/" for 127.0.0.1 at 2018-09-29 21:32:40 +0800
Processing by WelcomeController#index as HTML
  Rendering welcome/index.html.erb within layouts/application
  Rendered welcome/index.html.erb within layouts/application (3.3ms)
Completed 200 OK in 48ms (Views: 46.9ms | ActiveRecord: 0.0ms)


Started GET "/" for 127.0.0.1 at 2018-09-29 21:33:53 +0800
Processing by WelcomeController#index as HTML
  Rendering welcome/index.html.erb within layouts/application
  Rendered welcome/index.html.erb within layouts/application (5.8ms)
Completed 200 OK in 31ms (Views: 30.0ms | ActiveRecord: 0.0ms)


Started GET "/" for 127.0.0.1 at 2018-09-29 21:34:11 +0800
Processing by WelcomeController#index as HTML
  Rendering welcome/index.html.erb within layouts/application
  Rendered welcome/index.html.erb within layouts/application (6.0ms)
Completed 200 OK in 42ms (Views: 40.8ms | ActiveRecord: 0.0ms)


Started GET "/" for 127.0.0.1 at 2018-09-29 21:34:49 +0800
Processing by WelcomeController#index as HTML
  Rendering welcome/index.html.erb within layouts/application
  Rendered welcome/index.html.erb within layouts/application (4.4ms)
Completed 200 OK in 30ms (Views: 28.8ms | ActiveRecord: 0.0ms)


Started GET "/" for 127.0.0.1 at 2018-09-29 21:35:09 +0800
Processing by WelcomeController#index as HTML
  Rendering welcome/index.html.erb within layouts/application
  Rendered welcome/index.html.erb within layouts/application (3.1ms)
Completed 200 OK in 51ms (Views: 48.9ms | ActiveRecord: 0.0ms)


Started GET "/" for 127.0.0.1 at 2018-09-29 21:35:22 +0800
Processing by WelcomeController#index as HTML
  Rendering welcome/index.html.erb within layouts/application
  Rendered welcome/index.html.erb within layouts/application (4.2ms)
Completed 200 OK in 49ms (Views: 46.7ms | ActiveRecord: 0.0ms)


Started GET "/" for 127.0.0.1 at 2018-09-29 21:35:35 +0800
Processing by WelcomeController#index as HTML
  Rendering welcome/index.html.erb within layouts/application
  Rendered welcome/index.html.erb within layouts/application (3.0ms)
Completed 200 OK in 54ms (Views: 53.2ms | ActiveRecord: 0.0ms)


Started GET "/" for 127.0.0.1 at 2018-09-29 21:36:21 +0800
Processing by WelcomeController#index as HTML
  Rendering welcome/index.html.erb within layouts/application
  Rendered welcome/index.html.erb within layouts/application (3.6ms)
Completed 200 OK in 52ms (Views: 50.9ms | ActiveRecord: 0.0ms)


Started GET "/" for 127.0.0.1 at 2018-09-29 21:36:30 +0800
Processing by WelcomeController#index as HTML
  Rendering welcome/index.html.erb within layouts/application
  Rendered welcome/index.html.erb within layouts/application (4.0ms)
Completed 200 OK in 58ms (Views: 56.4ms | ActiveRecord: 0.0ms)


Started GET "/" for 127.0.0.1 at 2018-09-29 21:38:24 +0800
Processing by WelcomeController#index as HTML
  Rendering welcome/index.html.erb within layouts/application
  Rendered welcome/index.html.erb within layouts/application (3.8ms)
Completed 200 OK in 48ms (Views: 47.2ms | ActiveRecord: 0.0ms)


Started GET "/" for 127.0.0.1 at 2018-09-29 21:39:19 +0800
Processing by WelcomeController#index as HTML
  Rendering welcome/index.html.erb within layouts/application
  Rendered welcome/index.html.erb within layouts/application (4.3ms)
Completed 200 OK in 51ms (Views: 49.1ms | ActiveRecord: 0.0ms)


Started GET "/" for 127.0.0.1 at 2018-09-29 21:39:53 +0800
Processing by WelcomeController#index as HTML
  Rendering welcome/index.html.erb within layouts/application
  Rendered welcome/index.html.erb within layouts/application (2.8ms)
Completed 200 OK in 30ms (Views: 29.3ms | ActiveRecord: 0.0ms)


Started GET "/" for 127.0.0.1 at 2018-09-29 21:40:04 +0800
Processing by WelcomeController#index as HTML
  Rendering welcome/index.html.erb within layouts/application
  Rendered welcome/index.html.erb within layouts/application (5.5ms)
Completed 200 OK in 53ms (Views: 50.6ms | ActiveRecord: 0.0ms)


Started GET "/" for 127.0.0.1 at 2018-09-29 21:41:55 +0800
Processing by WelcomeController#index as HTML
  Rendering welcome/index.html.erb within layouts/application
  Rendered welcome/index.html.erb within layouts/application (2.7ms)
Completed 200 OK in 57ms (Views: 55.5ms | ActiveRecord: 0.0ms)


Started GET "/" for 127.0.0.1 at 2018-09-29 21:44:06 +0800
Processing by WelcomeController#index as HTML
  Rendering welcome/index.html.erb within layouts/application
  Rendered welcome/index.html.erb within layouts/application (3.9ms)
Completed 200 OK in 31ms (Views: 29.4ms | ActiveRecord: 0.0ms)


Started GET "/" for 127.0.0.1 at 2018-09-29 21:45:37 +0800
Processing by WelcomeController#index as HTML
  Rendering welcome/index.html.erb within layouts/application
  Rendered welcome/index.html.erb within layouts/application (5.9ms)
Completed 200 OK in 34ms (Views: 32.5ms | ActiveRecord: 0.0ms)


Started GET "/" for 127.0.0.1 at 2018-09-29 21:47:27 +0800
Processing by WelcomeController#index as HTML
  Rendering welcome/index.html.erb within layouts/application
  Rendered welcome/index.html.erb within layouts/application (3.4ms)
Completed 200 OK in 25ms (Views: 23.9ms | ActiveRecord: 0.0ms)


Started GET "/" for 127.0.0.1 at 2018-09-29 21:50:28 +0800
Processing by WelcomeController#index as HTML
  Rendering welcome/index.html.erb within layouts/application
  Rendered welcome/index.html.erb within layouts/application (6.7ms)
Completed 200 OK in 33ms (Views: 31.6ms | ActiveRecord: 0.0ms)


Started GET "/" for 127.0.0.1 at 2018-09-29 21:50:47 +0800
Processing by WelcomeController#index as HTML
  Rendering welcome/index.html.erb within layouts/application
  Rendered welcome/index.html.erb within layouts/application (4.2ms)
Completed 200 OK in 31ms (Views: 30.2ms | ActiveRecord: 0.0ms)


Started GET "/" for 127.0.0.1 at 2018-09-29 21:51:35 +0800
Processing by WelcomeController#index as HTML
  Rendering welcome/index.html.erb within layouts/application
  Rendered welcome/index.html.erb within layouts/application (5.6ms)
Completed 200 OK in 60ms (Views: 58.7ms | ActiveRecord: 0.0ms)


Started GET "/" for 127.0.0.1 at 2018-09-29 21:51:45 +0800
Processing by WelcomeController#index as HTML
  Rendering welcome/index.html.erb within layouts/application
  Rendered welcome/index.html.erb within layouts/application (6.1ms)
Completed 200 OK in 33ms (Views: 31.5ms | ActiveRecord: 0.0ms)


Started GET "/" for 127.0.0.1 at 2018-09-29 21:54:50 +0800
Processing by WelcomeController#index as HTML
  Rendering welcome/index.html.erb within layouts/application
  Rendered welcome/index.html.erb within layouts/application (5.0ms)
Completed 200 OK in 31ms (Views: 30.5ms | ActiveRecord: 0.0ms)


